<?xml version="1.0" encoding="UTF-8"?>
<!-- Generated by org.testng.reporters.JUnitReportReporter -->
<testsuite skipped="0" hostname="DESKTOP-6D3FG3E" name="com.qa.testcases.AmazonPageTest" tests="9" failures="0" timestamp="2021-05-09T16:39:21 CEST" time="119.408" errors="0">
  <testcase name="launchURL" time="3.626" classname="com.qa.testcases.AmazonPageTest"/>
  <system-out/>
  <testcase name="loginAmazon" time="10.000" classname="com.qa.testcases.AmazonPageTest"/>
  <system-out/>
  <testcase name="selectFirstProduct" time="12.832" classname="com.qa.testcases.AmazonPageTest"/>
  <system-out/>
  <testcase name="addFirstProductToCart" time="16.312" classname="com.qa.testcases.AmazonPageTest"/>
  <system-out/>
  <testcase name="selectSecondProduct" time="11.871" classname="com.qa.testcases.AmazonPageTest"/>
  <system-out/>
  <testcase name="addSecondProductToCart" time="16.026" classname="com.qa.testcases.AmazonPageTest"/>
  <system-out/>
  <testcase name="verifyItemsInCart" time="2.788" classname="com.qa.testcases.AmazonPageTest"/>
  <system-out/>
  <testcase name="verifySaveProductForLater" time="29.104" classname="com.qa.testcases.AmazonPageTest"/>
  <system-out/>
  <testcase name="verifyMoveProductBackToBasket" time="16.849" classname="com.qa.testcases.AmazonPageTest"/>
  <system-out/>
</testsuite> <!-- com.qa.testcases.AmazonPageTest -->
